<?xml version="1.0" encoding="UTF-8"?>
<testng-results skipped="0" failed="0" ignored="0" total="1" passed="1">
  <reporter-output>
  </reporter-output>
  <suite name="Default suite" duration-ms="2625" started-at="2017-04-09T09:27:34Z" finished-at="2017-04-09T09:27:37Z">
    <groups>
    </groups>
    <test name="Default test" duration-ms="2625" started-at="2017-04-09T09:27:34Z" finished-at="2017-04-09T09:27:37Z">
      <class name="Selenium.WebDriver.Test_WebDriverDemo">
        <test-method status="PASS" signature="Before()[pri:0, instance:Selenium.WebDriver.Test_WebDriverDemo@3532ec19]" name="Before" is-config="true" duration-ms="1772" started-at="2017-04-09T17:27:32Z" finished-at="2017-04-09T17:27:34Z">
          <reporter-output>
          </reporter-output>
        </test-method> <!-- Before -->
        <test-method status="PASS" signature="test_select()[pri:0, instance:Selenium.WebDriver.Test_WebDriverDemo@3532ec19]" name="test_select" duration-ms="2572" started-at="2017-04-09T17:27:34Z" finished-at="2017-04-09T17:27:37Z">
          <reporter-output>
          </reporter-output>
        </test-method> <!-- test_select -->
        <test-method status="PASS" signature="After()[pri:0, instance:Selenium.WebDriver.Test_WebDriverDemo@3532ec19]" name="After" is-config="true" duration-ms="836" started-at="2017-04-09T17:27:37Z" finished-at="2017-04-09T17:27:38Z">
          <reporter-output>
          </reporter-output>
        </test-method> <!-- After -->
      </class> <!-- Selenium.WebDriver.Test_WebDriverDemo -->
    </test> <!-- Default test -->
  </suite> <!-- Default suite -->
</testng-results>
